[2026-04-05T13:40:38.342Z] PRE-COMPROMISO GENERADO
[2026-04-05T13:40:38.342Z]   Sorteo  : El Chancho de Plata (el-chancho-de-plata)
[2026-04-05T13:40:38.342Z]   Hora VET: 10:00 AM — UTC: 2026-04-05T14:00:00.000Z
[2026-04-05T13:40:38.342Z]   Ronda drand comprometida: 5998886
[2026-04-05T13:40:38.342Z]   Participantes: 0
[2026-04-05T13:40:38.342Z]   Hash SHA-256 participantes: e3b0c44298fc1c149afbf4c8996fb92427ae41e4649b934ca495991b7852b855
[2026-04-05T13:40:38.342Z]   Draw ID: el-chancho-de-plata:20260405:10
[2026-04-05T13:40:38.342Z]   Chain entry index: 60
[2026-04-05T13:40:38.342Z]   Chain entry hash : 10086a2fdcd1ba62c4d48fa21373b35c06da525f57b9c7930f09cb0fecbf0924
[2026-04-05T13:40:38.342Z]   Tickets hash    : c1d6b33a172634fcbc866a2f998793c1f7458195c34b34758a1cdfc8518af6ad
[2026-04-05T13:40:38.342Z]   Total tickets   : 0
[2026-04-05T13:40:38.342Z]   Seed commit index: 62
[2026-04-05T13:40:38.342Z]   Seed hash       : c465245a863f04683267d0011ab7c0a7cb0eb59891060d55881d9bf05d0928cf
[2026-04-05T14:05:39.624Z] INICIO EJECUCIÓN SORTEO
[2026-04-05T14:05:39.624Z]   Sorteo  : El Chancho de Plata (el-chancho-de-plata)
[2026-04-05T14:05:39.624Z]   Hora VET: 10:00 AM — UTC: 2026-04-05T14:00:00.000Z
[2026-04-05T14:05:39.624Z]   Ronda drand comprometida: 5998886
[2026-04-05T14:05:39.753Z] BEACON drand OBTENIDO
[2026-04-05T14:05:39.753Z]   Ronda     : 5998886
[2026-04-05T14:05:39.753Z]   Randomness: 718ca7b6ba0a3b3a86f69326218043f962cf3161cc2f1dc9de800bddce2521c7
[2026-04-05T14:05:39.753Z]   Signature : b357b3c5e0d77cbad0c39ea3a3eadb6f...
[2026-04-05T14:05:39.753Z]   Endpoint  : https://drand.cloudflare.com/public/5998886
[2026-04-05T14:05:39.759Z] CÁLCULO GANADOR
[2026-04-05T14:05:39.759Z]   Total números  : 38
[2026-04-05T14:05:39.759Z]   Randomness base: 718ca7b6ba0a3b3a86f69326218043f962cf3161cc2f1dc9de800bddce2521c7
[2026-04-05T14:05:39.759Z]   Randomness sorteo: ac5164a4456b81832384e07bbffa1cfcfae94947880d8706531e5c8363294ee1
[2026-04-05T14:05:39.759Z]   Precompromiso hash: f16f2afb69594f9d8233ef4e0755560dd64cf4811e687ca1c1f576899189312b
[2026-04-05T14:05:39.759Z]   Seed reveal hash : c465245a863f04683267d0011ab7c0a7cb0eb59891060d55881d9bf05d0928cf
[2026-04-05T14:05:39.759Z]   Draw ID         : el-chancho-de-plata:20260405:10
[2026-04-05T14:05:39.759Z]   Protocolo       : 3.0.0
[2026-04-05T14:05:39.759Z]   Pool entry id   : NO_APLICA
[2026-04-05T14:05:39.759Z]   Pool entry hash : NO_APLICA
[2026-04-05T14:05:39.759Z]   Pool chain hash : NO_APLICA
[2026-04-05T14:05:39.759Z]   Local hex       : NO_APLICA
[2026-04-05T14:05:39.759Z]   QRNG fuente    : NO_APLICA
[2026-04-05T14:05:39.759Z]   QRNG hex       : NO_APLICA
[2026-04-05T14:05:39.759Z]   QRNG color     : NO_APLICA
[2026-04-05T14:05:39.759Z]   BTC altura     : NO_APLICA
[2026-04-05T14:05:39.759Z]   BTC block hash : NO_APLICA
[2026-04-05T14:05:39.759Z]   NIST pulse     : NO_APLICA
[2026-04-05T14:05:39.759Z]   NIST hex       : NO_APLICA
[2026-04-05T14:05:39.759Z]   Entropía final : SHA-256({seed_reveal,ticket_set_hash,precompromiso_hash,drand_randomness,round_drand,hash_participantes})
[2026-04-05T14:05:39.759Z]   Operación      : rejection_sampling(domain=LOTTERY-V3.0, N=38) = índice 24
[2026-04-05T14:05:39.759Z]   Rejection      : intento=0 hash=86d1d3782cbbf4be...
[2026-04-05T14:05:39.759Z]   Número ganador : 24 (Lentes)
[2026-04-05T14:05:39.759Z]   Participantes  : 0
[2026-04-05T14:05:39.759Z]   Ganadores      : NINGUNO (número no jugado)
[2026-04-05T14:05:39.773Z] SORTEO COMPLETADO
[2026-04-05T14:05:39.773Z]   Número ganador: 24 (Lentes)
[2026-04-05T14:05:39.773Z]   Ganadores      : NINGUNO
[2026-04-05T14:05:39.773Z]   Seed reveal idx: 69
[2026-04-05T14:05:39.773Z]   Chain entry index: 70
[2026-04-05T14:05:39.773Z]   Chain entry hash : 62e24b960d7b981f58608e69d2d10fccbfd4bfc02339bec8fe9e98533c35b293
[2026-04-05T14:05:39.773Z]   Archivos creados: resultado.json, participantes.json, entropy_entry.json, software_info.json, verificar.js, audit.log
