[2026-04-05T13:40:37.736Z] PRE-COMPROMISO GENERADO
[2026-04-05T13:40:37.736Z]   Sorteo  : El Chancho de bronce (el-chancho-de-bronce)
[2026-04-05T13:40:37.736Z]   Hora VET: 10:00 AM — UTC: 2026-04-05T14:00:00.000Z
[2026-04-05T13:40:37.736Z]   Ronda drand comprometida: 5998886
[2026-04-05T13:40:37.736Z]   Participantes: 0
[2026-04-05T13:40:37.736Z]   Hash SHA-256 participantes: e3b0c44298fc1c149afbf4c8996fb92427ae41e4649b934ca495991b7852b855
[2026-04-05T13:40:37.736Z]   Draw ID: el-chancho-de-bronce:20260405:10
[2026-04-05T13:40:37.736Z]   Chain entry index: 57
[2026-04-05T13:40:37.736Z]   Chain entry hash : 223ccf4f26349abd7475e2d8b52603e438faf7f622b839f5af5c7691995b97ad
[2026-04-05T13:40:37.736Z]   Tickets hash    : 4f978135e6901cbb10bc3831df2df6e4a5050099ffd9d88ca83f4e80ef6fcca5
[2026-04-05T13:40:37.736Z]   Total tickets   : 0
[2026-04-05T13:40:37.736Z]   Seed commit index: 59
[2026-04-05T13:40:37.736Z]   Seed hash       : d757a2e82712d2ae5bb7e11f0ec58bead84be826d11ada639ee788d116c14c0f
[2026-04-05T14:05:37.705Z] INICIO EJECUCIÓN SORTEO
[2026-04-05T14:05:37.705Z]   Sorteo  : El Chancho de bronce (el-chancho-de-bronce)
[2026-04-05T14:05:37.705Z]   Hora VET: 10:00 AM — UTC: 2026-04-05T14:00:00.000Z
[2026-04-05T14:05:37.705Z]   Ronda drand comprometida: 5998886
[2026-04-05T14:05:38.802Z] BEACON drand OBTENIDO
[2026-04-05T14:05:38.802Z]   Ronda     : 5998886
[2026-04-05T14:05:38.802Z]   Randomness: 718ca7b6ba0a3b3a86f69326218043f962cf3161cc2f1dc9de800bddce2521c7
[2026-04-05T14:05:38.802Z]   Signature : b357b3c5e0d77cbad0c39ea3a3eadb6f...
[2026-04-05T14:05:38.802Z]   Endpoint  : https://drand.cloudflare.com/public/5998886
[2026-04-05T14:05:38.818Z] CÁLCULO GANADOR
[2026-04-05T14:05:38.818Z]   Total números  : 38
[2026-04-05T14:05:38.818Z]   Randomness base: 718ca7b6ba0a3b3a86f69326218043f962cf3161cc2f1dc9de800bddce2521c7
[2026-04-05T14:05:38.818Z]   Randomness sorteo: 60d8aea7e9638f22e9c0a6dd49ed4639c300b3f247d2763b5448da626e5c325e
[2026-04-05T14:05:38.818Z]   Precompromiso hash: 079ce43e1dfc62e0edfa55cb0d8a2d16f1cd0cade240c7084ab513db66ce4338
[2026-04-05T14:05:38.818Z]   Seed reveal hash : d757a2e82712d2ae5bb7e11f0ec58bead84be826d11ada639ee788d116c14c0f
[2026-04-05T14:05:38.818Z]   Draw ID         : el-chancho-de-bronce:20260405:10
[2026-04-05T14:05:38.818Z]   Protocolo       : 3.0.0
[2026-04-05T14:05:38.818Z]   Pool entry id   : NO_APLICA
[2026-04-05T14:05:38.818Z]   Pool entry hash : NO_APLICA
[2026-04-05T14:05:38.818Z]   Pool chain hash : NO_APLICA
[2026-04-05T14:05:38.818Z]   Local hex       : NO_APLICA
[2026-04-05T14:05:38.818Z]   QRNG fuente    : NO_APLICA
[2026-04-05T14:05:38.818Z]   QRNG hex       : NO_APLICA
[2026-04-05T14:05:38.818Z]   QRNG color     : NO_APLICA
[2026-04-05T14:05:38.818Z]   BTC altura     : NO_APLICA
[2026-04-05T14:05:38.818Z]   BTC block hash : NO_APLICA
[2026-04-05T14:05:38.818Z]   NIST pulse     : NO_APLICA
[2026-04-05T14:05:38.818Z]   NIST hex       : NO_APLICA
[2026-04-05T14:05:38.818Z]   Entropía final : SHA-256({seed_reveal,ticket_set_hash,precompromiso_hash,drand_randomness,round_drand,hash_participantes})
[2026-04-05T14:05:38.818Z]   Operación      : rejection_sampling(domain=LOTTERY-V3.0, N=38) = índice 18
[2026-04-05T14:05:38.818Z]   Rejection      : intento=0 hash=1fb4823f01e0cc4c...
[2026-04-05T14:05:38.818Z]   Número ganador : 18 (Silla)
[2026-04-05T14:05:38.818Z]   Participantes  : 0
[2026-04-05T14:05:38.818Z]   Ganadores      : NINGUNO (número no jugado)
[2026-04-05T14:05:38.831Z] SORTEO COMPLETADO
[2026-04-05T14:05:38.831Z]   Número ganador: 18 (Silla)
[2026-04-05T14:05:38.831Z]   Ganadores      : NINGUNO
[2026-04-05T14:05:38.831Z]   Seed reveal idx: 66
[2026-04-05T14:05:38.831Z]   Chain entry index: 67
[2026-04-05T14:05:38.831Z]   Chain entry hash : 5581faaa7659031ef98cdd3df0f0cb27b55113c93998d8a0eb35064432a3c052
[2026-04-05T14:05:38.831Z]   Archivos creados: resultado.json, participantes.json, entropy_entry.json, software_info.json, verificar.js, audit.log
