[2026-04-04T20:57:14.990Z] PRE-COMPROMISO GENERADO
[2026-04-04T20:57:14.990Z]   Sorteo  : El Chancho de Oro (el-chancho-de-oro)
[2026-04-04T20:57:14.990Z]   Hora VET: 05:00 PM — UTC: 2026-04-04T21:00:00.000Z
[2026-04-04T20:57:14.990Z]   Ronda drand comprometida: 5996846
[2026-04-04T20:57:14.990Z]   Participantes: 0
[2026-04-04T20:57:14.990Z]   Hash SHA-256 participantes: e3b0c44298fc1c149afbf4c8996fb92427ae41e4649b934ca495991b7852b855
[2026-04-04T20:57:14.990Z]   Draw ID: el-chancho-de-oro:20260404:17
[2026-04-04T20:57:14.990Z]   Chain entry index: 89
[2026-04-04T20:57:14.990Z]   Chain entry hash : 0ec13ca362de2bd88a1df5a95d553cbed8572e25bb0ac817cf93ab8f4a2bba97
[2026-04-04T20:57:14.990Z]   Tickets hash    : d8d2ef744b7b622997ac737df386c81533e4f58a95173a5be1efd6b48d03f8be
[2026-04-04T20:57:14.990Z]   Total tickets   : 0
[2026-04-04T20:57:14.990Z]   Seed commit index: 91
[2026-04-04T20:57:14.990Z]   Seed hash       : 7aa987046c78ea571a72388f2d5562a199d75a9b38ca6cc5ba05279d59664602
[2026-04-04T21:05:38.040Z] INICIO EJECUCIÓN SORTEO
[2026-04-04T21:05:38.040Z]   Sorteo  : El Chancho de Oro (el-chancho-de-oro)
[2026-04-04T21:05:38.040Z]   Hora VET: 05:00 PM — UTC: 2026-04-04T21:00:00.000Z
[2026-04-04T21:05:38.040Z]   Ronda drand comprometida: 5996846
[2026-04-04T21:05:38.059Z] BEACON drand OBTENIDO
[2026-04-04T21:05:38.059Z]   Ronda     : 5996846
[2026-04-04T21:05:38.059Z]   Randomness: 6b4e6516285d6d2240a3e0b3b5af984aee90dc1e416d8e1c6402f1949e586810
[2026-04-04T21:05:38.059Z]   Signature : a8fb1cdadf6cc6cc40da346177a3e00d...
[2026-04-04T21:05:38.059Z]   Endpoint  : https://drand.cloudflare.com/public/5996846
[2026-04-04T21:05:38.067Z] CÁLCULO GANADOR
[2026-04-04T21:05:38.067Z]   Total números  : 38
[2026-04-04T21:05:38.067Z]   Randomness base: 6b4e6516285d6d2240a3e0b3b5af984aee90dc1e416d8e1c6402f1949e586810
[2026-04-04T21:05:38.067Z]   Randomness sorteo: 5b3e4776cc7c34a3061dc847f794bde6e0663a78047d9e5bfba3748e3c6bfb3b
[2026-04-04T21:05:38.067Z]   Precompromiso hash: ef658f4b409521d5ba90f1471362fa1fd73b99ad3316b27821f194a3f50fe319
[2026-04-04T21:05:38.067Z]   Seed reveal hash : 7aa987046c78ea571a72388f2d5562a199d75a9b38ca6cc5ba05279d59664602
[2026-04-04T21:05:38.067Z]   Draw ID         : el-chancho-de-oro:20260404:17
[2026-04-04T21:05:38.067Z]   Protocolo       : 3.0.0
[2026-04-04T21:05:38.067Z]   Pool entry id   : NO_APLICA
[2026-04-04T21:05:38.067Z]   Pool entry hash : NO_APLICA
[2026-04-04T21:05:38.067Z]   Pool chain hash : NO_APLICA
[2026-04-04T21:05:38.067Z]   Local hex       : NO_APLICA
[2026-04-04T21:05:38.067Z]   QRNG fuente    : NO_APLICA
[2026-04-04T21:05:38.067Z]   QRNG hex       : NO_APLICA
[2026-04-04T21:05:38.067Z]   QRNG color     : NO_APLICA
[2026-04-04T21:05:38.067Z]   BTC altura     : NO_APLICA
[2026-04-04T21:05:38.067Z]   BTC block hash : NO_APLICA
[2026-04-04T21:05:38.067Z]   NIST pulse     : NO_APLICA
[2026-04-04T21:05:38.067Z]   NIST hex       : NO_APLICA
[2026-04-04T21:05:38.067Z]   Entropía final : SHA-256({seed_reveal,ticket_set_hash,precompromiso_hash,drand_randomness,round_drand,hash_participantes})
[2026-04-04T21:05:38.067Z]   Operación      : rejection_sampling(domain=LOTTERY-V3.0, N=38) = índice 9
[2026-04-04T21:05:38.067Z]   Rejection      : intento=0 hash=110a7cf7d3afbb50...
[2026-04-04T21:05:38.067Z]   Número ganador : 09 (Piscua)
[2026-04-04T21:05:38.067Z]   Participantes  : 0
[2026-04-04T21:05:38.067Z]   Ganadores      : NINGUNO (número no jugado)
[2026-04-04T21:05:38.093Z] SORTEO COMPLETADO
[2026-04-04T21:05:38.093Z]   Número ganador: 09 (Piscua)
[2026-04-04T21:05:38.093Z]   Ganadores      : NINGUNO
[2026-04-04T21:05:38.093Z]   Seed reveal idx: 98
[2026-04-04T21:05:38.093Z]   Chain entry index: 99
[2026-04-04T21:05:38.093Z]   Chain entry hash : 9af160243ab5b499db26495b15a0872555c401a7164568d6c3474148faa26f69
[2026-04-04T21:05:38.093Z]   Archivos creados: resultado.json, participantes.json, entropy_entry.json, software_info.json, verificar.js, audit.log
