[2026-04-04T22:40:30.277Z] PRE-COMPROMISO GENERADO
[2026-04-04T22:40:30.277Z]   Sorteo  : El Chancho de Oro (el-chancho-de-oro)
[2026-04-04T22:40:30.277Z]   Hora VET: 07:00 PM — UTC: 2026-04-04T23:00:00.000Z
[2026-04-04T22:40:30.277Z]   Ronda drand comprometida: 5997086
[2026-04-04T22:40:30.277Z]   Participantes: 0
[2026-04-04T22:40:30.277Z]   Hash SHA-256 participantes: e3b0c44298fc1c149afbf4c8996fb92427ae41e4649b934ca495991b7852b855
[2026-04-04T22:40:30.277Z]   Draw ID: el-chancho-de-oro:20260404:19
[2026-04-04T22:40:30.277Z]   Chain entry index: 6
[2026-04-04T22:40:30.277Z]   Chain entry hash : 87120ec4b7674fc831aa8eb48eac9b5c6a2128d78fb15110becf5d6cfb340da7
[2026-04-04T22:40:30.277Z]   Tickets hash    : ba5ebb8eefa7d77a69a764148645915d09432d6df59b4aaab6579524f265a57f
[2026-04-04T22:40:30.277Z]   Total tickets   : 0
[2026-04-04T22:40:30.277Z]   Seed commit index: 8
[2026-04-04T22:40:30.277Z]   Seed hash       : 2ecce0c0e38406d3faf46253fefd958a1f5b03658a44c66260b0db963835ac69
[2026-04-04T23:05:31.195Z] INICIO EJECUCIÓN SORTEO
[2026-04-04T23:05:31.195Z]   Sorteo  : El Chancho de Oro (el-chancho-de-oro)
[2026-04-04T23:05:31.195Z]   Hora VET: 07:00 PM — UTC: 2026-04-04T23:00:00.000Z
[2026-04-04T23:05:31.195Z]   Ronda drand comprometida: 5997086
[2026-04-04T23:05:31.286Z] BEACON drand OBTENIDO
[2026-04-04T23:05:31.286Z]   Ronda     : 5997086
[2026-04-04T23:05:31.286Z]   Randomness: 4d913fe0ca72cd2192bf03e63cc0c657e9b2e98d16c7f8cc36b88e9171319d18
[2026-04-04T23:05:31.286Z]   Signature : b0ec3186548a34939adc918f92c3b714...
[2026-04-04T23:05:31.286Z]   Endpoint  : https://drand.cloudflare.com/public/5997086
[2026-04-04T23:05:31.295Z] CÁLCULO GANADOR
[2026-04-04T23:05:31.295Z]   Total números  : 38
[2026-04-04T23:05:31.295Z]   Randomness base: 4d913fe0ca72cd2192bf03e63cc0c657e9b2e98d16c7f8cc36b88e9171319d18
[2026-04-04T23:05:31.295Z]   Randomness sorteo: 10b43008ad14d49d22e91f80d99b6c97db1add4c7a79211db431b271a2447d02
[2026-04-04T23:05:31.295Z]   Precompromiso hash: 49c444512b89deb9860cc522e25bc49fa9626f246e33706b30ef29e3220379ac
[2026-04-04T23:05:31.295Z]   Seed reveal hash : 2ecce0c0e38406d3faf46253fefd958a1f5b03658a44c66260b0db963835ac69
[2026-04-04T23:05:31.295Z]   Draw ID         : el-chancho-de-oro:20260404:19
[2026-04-04T23:05:31.295Z]   Protocolo       : 3.0.0
[2026-04-04T23:05:31.295Z]   Pool entry id   : NO_APLICA
[2026-04-04T23:05:31.295Z]   Pool entry hash : NO_APLICA
[2026-04-04T23:05:31.295Z]   Pool chain hash : NO_APLICA
[2026-04-04T23:05:31.295Z]   Local hex       : NO_APLICA
[2026-04-04T23:05:31.295Z]   QRNG fuente    : NO_APLICA
[2026-04-04T23:05:31.295Z]   QRNG hex       : NO_APLICA
[2026-04-04T23:05:31.295Z]   QRNG color     : NO_APLICA
[2026-04-04T23:05:31.295Z]   BTC altura     : NO_APLICA
[2026-04-04T23:05:31.295Z]   BTC block hash : NO_APLICA
[2026-04-04T23:05:31.295Z]   NIST pulse     : NO_APLICA
[2026-04-04T23:05:31.295Z]   NIST hex       : NO_APLICA
[2026-04-04T23:05:31.295Z]   Entropía final : SHA-256({seed_reveal,ticket_set_hash,precompromiso_hash,drand_randomness,round_drand,hash_participantes})
[2026-04-04T23:05:31.295Z]   Operación      : rejection_sampling(domain=LOTTERY-V3.0, N=38) = índice 29
[2026-04-04T23:05:31.295Z]   Rejection      : intento=0 hash=42fffea1d825ce2e...
[2026-04-04T23:05:31.295Z]   Número ganador : 29 (Pelota)
[2026-04-04T23:05:31.295Z]   Participantes  : 0
[2026-04-04T23:05:31.295Z]   Ganadores      : NINGUNO (número no jugado)
[2026-04-04T23:05:31.308Z] SORTEO COMPLETADO
[2026-04-04T23:05:31.308Z]   Número ganador: 29 (Pelota)
[2026-04-04T23:05:31.308Z]   Ganadores      : NINGUNO
[2026-04-04T23:05:31.308Z]   Seed reveal idx: 15
[2026-04-04T23:05:31.308Z]   Chain entry index: 16
[2026-04-04T23:05:31.308Z]   Chain entry hash : 15dc520fe7cc34b739398bd7ade99de8fb437e5a4779a0a863242aecfc2b42a6
[2026-04-04T23:05:31.308Z]   Archivos creados: resultado.json, participantes.json, entropy_entry.json, software_info.json, verificar.js, audit.log
