[2026-04-05T13:40:38.675Z] PRE-COMPROMISO GENERADO
[2026-04-05T13:40:38.675Z]   Sorteo  : El Chancho de Oro (el-chancho-de-oro)
[2026-04-05T13:40:38.675Z]   Hora VET: 10:00 AM — UTC: 2026-04-05T14:00:00.000Z
[2026-04-05T13:40:38.675Z]   Ronda drand comprometida: 5998886
[2026-04-05T13:40:38.675Z]   Participantes: 0
[2026-04-05T13:40:38.675Z]   Hash SHA-256 participantes: e3b0c44298fc1c149afbf4c8996fb92427ae41e4649b934ca495991b7852b855
[2026-04-05T13:40:38.675Z]   Draw ID: el-chancho-de-oro:20260405:10
[2026-04-05T13:40:38.675Z]   Chain entry index: 63
[2026-04-05T13:40:38.675Z]   Chain entry hash : eed45006206b9e4ff0b054fa0971c21b073a0bbc886e98eb8a5245608d798c00
[2026-04-05T13:40:38.675Z]   Tickets hash    : 448c5241c2c00219d24423725de0af9ef2c8b06e73ced7a912f470a288422157
[2026-04-05T13:40:38.675Z]   Total tickets   : 0
[2026-04-05T13:40:38.675Z]   Seed commit index: 65
[2026-04-05T13:40:38.675Z]   Seed hash       : 5daf2b7dc6aa7cc4ddfbd12ac19bc4f5f86e137ae788b3ab4049ebb03c88960e
[2026-04-05T14:05:40.453Z] INICIO EJECUCIÓN SORTEO
[2026-04-05T14:05:40.453Z]   Sorteo  : El Chancho de Oro (el-chancho-de-oro)
[2026-04-05T14:05:40.453Z]   Hora VET: 10:00 AM — UTC: 2026-04-05T14:00:00.000Z
[2026-04-05T14:05:40.453Z]   Ronda drand comprometida: 5998886
[2026-04-05T14:05:40.638Z] BEACON drand OBTENIDO
[2026-04-05T14:05:40.638Z]   Ronda     : 5998886
[2026-04-05T14:05:40.638Z]   Randomness: 718ca7b6ba0a3b3a86f69326218043f962cf3161cc2f1dc9de800bddce2521c7
[2026-04-05T14:05:40.638Z]   Signature : b357b3c5e0d77cbad0c39ea3a3eadb6f...
[2026-04-05T14:05:40.638Z]   Endpoint  : https://drand.cloudflare.com/public/5998886
[2026-04-05T14:05:40.654Z] CÁLCULO GANADOR
[2026-04-05T14:05:40.654Z]   Total números  : 38
[2026-04-05T14:05:40.654Z]   Randomness base: 718ca7b6ba0a3b3a86f69326218043f962cf3161cc2f1dc9de800bddce2521c7
[2026-04-05T14:05:40.654Z]   Randomness sorteo: 6d260185616b2dace85ef96602e660cdf24251bec9ebce9f939e3b70d27011b0
[2026-04-05T14:05:40.654Z]   Precompromiso hash: 6009613c40d910ac13150d82c56eab03b11ac4d3019a8f6c7f6d810290eb7e33
[2026-04-05T14:05:40.654Z]   Seed reveal hash : 5daf2b7dc6aa7cc4ddfbd12ac19bc4f5f86e137ae788b3ab4049ebb03c88960e
[2026-04-05T14:05:40.654Z]   Draw ID         : el-chancho-de-oro:20260405:10
[2026-04-05T14:05:40.654Z]   Protocolo       : 3.0.0
[2026-04-05T14:05:40.654Z]   Pool entry id   : NO_APLICA
[2026-04-05T14:05:40.654Z]   Pool entry hash : NO_APLICA
[2026-04-05T14:05:40.654Z]   Pool chain hash : NO_APLICA
[2026-04-05T14:05:40.654Z]   Local hex       : NO_APLICA
[2026-04-05T14:05:40.654Z]   QRNG fuente    : NO_APLICA
[2026-04-05T14:05:40.654Z]   QRNG hex       : NO_APLICA
[2026-04-05T14:05:40.654Z]   QRNG color     : NO_APLICA
[2026-04-05T14:05:40.654Z]   BTC altura     : NO_APLICA
[2026-04-05T14:05:40.654Z]   BTC block hash : NO_APLICA
[2026-04-05T14:05:40.654Z]   NIST pulse     : NO_APLICA
[2026-04-05T14:05:40.654Z]   NIST hex       : NO_APLICA
[2026-04-05T14:05:40.654Z]   Entropía final : SHA-256({seed_reveal,ticket_set_hash,precompromiso_hash,drand_randomness,round_drand,hash_participantes})
[2026-04-05T14:05:40.654Z]   Operación      : rejection_sampling(domain=LOTTERY-V3.0, N=38) = índice 8
[2026-04-05T14:05:40.654Z]   Rejection      : intento=0 hash=4058e8586d188c8a...
[2026-04-05T14:05:40.654Z]   Número ganador : 08 (Árbol)
[2026-04-05T14:05:40.654Z]   Participantes  : 0
[2026-04-05T14:05:40.654Z]   Ganadores      : NINGUNO (número no jugado)
[2026-04-05T14:05:40.667Z] SORTEO COMPLETADO
[2026-04-05T14:05:40.667Z]   Número ganador: 08 (Árbol)
[2026-04-05T14:05:40.667Z]   Ganadores      : NINGUNO
[2026-04-05T14:05:40.667Z]   Seed reveal idx: 72
[2026-04-05T14:05:40.667Z]   Chain entry index: 73
[2026-04-05T14:05:40.667Z]   Chain entry hash : 2a74c1cc7e877786794dfea4b24cc1b4c435798bb29ad6abfc29a2265a9ed639
[2026-04-05T14:05:40.667Z]   Archivos creados: resultado.json, participantes.json, entropy_entry.json, software_info.json, verificar.js, audit.log
