[2026-04-04T22:40:28.727Z] PRE-COMPROMISO GENERADO
[2026-04-04T22:40:28.727Z]   Sorteo  : El Chancho de bronce (el-chancho-de-bronce)
[2026-04-04T22:40:28.727Z]   Hora VET: 07:00 PM — UTC: 2026-04-04T23:00:00.000Z
[2026-04-04T22:40:28.727Z]   Ronda drand comprometida: 5997086
[2026-04-04T22:40:28.727Z]   Participantes: 0
[2026-04-04T22:40:28.727Z]   Hash SHA-256 participantes: e3b0c44298fc1c149afbf4c8996fb92427ae41e4649b934ca495991b7852b855
[2026-04-04T22:40:28.727Z]   Draw ID: el-chancho-de-bronce:20260404:19
[2026-04-04T22:40:28.727Z]   Chain entry index: 0
[2026-04-04T22:40:28.727Z]   Chain entry hash : 290314d84fca3b5743536a2f37fe3b70607dfb55241a3548aa3bb2e2b2c80ca3
[2026-04-04T22:40:28.727Z]   Tickets hash    : ffca8ce3327784ad59a76ff995a23dbb6d88c54ac8eb3ae3ea7108e24be1bab6
[2026-04-04T22:40:28.727Z]   Total tickets   : 0
[2026-04-04T22:40:28.727Z]   Seed commit index: 2
[2026-04-04T22:40:28.727Z]   Seed hash       : eaf22930d84de7ad38311bf0cb28641815e985a324e55dd38b0184bd3e61b56b
[2026-04-04T23:05:28.712Z] INICIO EJECUCIÓN SORTEO
[2026-04-04T23:05:28.712Z]   Sorteo  : El Chancho de bronce (el-chancho-de-bronce)
[2026-04-04T23:05:28.712Z]   Hora VET: 07:00 PM — UTC: 2026-04-04T23:00:00.000Z
[2026-04-04T23:05:28.712Z]   Ronda drand comprometida: 5997086
[2026-04-04T23:05:30.059Z] BEACON drand OBTENIDO
[2026-04-04T23:05:30.059Z]   Ronda     : 5997086
[2026-04-04T23:05:30.059Z]   Randomness: 4d913fe0ca72cd2192bf03e63cc0c657e9b2e98d16c7f8cc36b88e9171319d18
[2026-04-04T23:05:30.059Z]   Signature : b0ec3186548a34939adc918f92c3b714...
[2026-04-04T23:05:30.059Z]   Endpoint  : https://drand.cloudflare.com/public/5997086
[2026-04-04T23:05:30.079Z] CÁLCULO GANADOR
[2026-04-04T23:05:30.079Z]   Total números  : 38
[2026-04-04T23:05:30.079Z]   Randomness base: 4d913fe0ca72cd2192bf03e63cc0c657e9b2e98d16c7f8cc36b88e9171319d18
[2026-04-04T23:05:30.079Z]   Randomness sorteo: 37dd2543c215cdc48c36a152a47bd6f47d92e07904dcea1369e316be04d73f5d
[2026-04-04T23:05:30.079Z]   Precompromiso hash: c05d696a4b1d5cebc705d1ae0d089c23d0a08462d4f16ad090ef38fdfae741e7
[2026-04-04T23:05:30.079Z]   Seed reveal hash : eaf22930d84de7ad38311bf0cb28641815e985a324e55dd38b0184bd3e61b56b
[2026-04-04T23:05:30.079Z]   Draw ID         : el-chancho-de-bronce:20260404:19
[2026-04-04T23:05:30.079Z]   Protocolo       : 3.0.0
[2026-04-04T23:05:30.079Z]   Pool entry id   : NO_APLICA
[2026-04-04T23:05:30.079Z]   Pool entry hash : NO_APLICA
[2026-04-04T23:05:30.079Z]   Pool chain hash : NO_APLICA
[2026-04-04T23:05:30.079Z]   Local hex       : NO_APLICA
[2026-04-04T23:05:30.079Z]   QRNG fuente    : NO_APLICA
[2026-04-04T23:05:30.079Z]   QRNG hex       : NO_APLICA
[2026-04-04T23:05:30.079Z]   QRNG color     : NO_APLICA
[2026-04-04T23:05:30.079Z]   BTC altura     : NO_APLICA
[2026-04-04T23:05:30.079Z]   BTC block hash : NO_APLICA
[2026-04-04T23:05:30.079Z]   NIST pulse     : NO_APLICA
[2026-04-04T23:05:30.079Z]   NIST hex       : NO_APLICA
[2026-04-04T23:05:30.079Z]   Entropía final : SHA-256({seed_reveal,ticket_set_hash,precompromiso_hash,drand_randomness,round_drand,hash_participantes})
[2026-04-04T23:05:30.079Z]   Operación      : rejection_sampling(domain=LOTTERY-V3.0, N=38) = índice 29
[2026-04-04T23:05:30.079Z]   Rejection      : intento=0 hash=d879c7473ca106ac...
[2026-04-04T23:05:30.079Z]   Número ganador : 29 (Pelota)
[2026-04-04T23:05:30.079Z]   Participantes  : 0
[2026-04-04T23:05:30.079Z]   Ganadores      : NINGUNO (número no jugado)
[2026-04-04T23:05:30.093Z] SORTEO COMPLETADO
[2026-04-04T23:05:30.093Z]   Número ganador: 29 (Pelota)
[2026-04-04T23:05:30.093Z]   Ganadores      : NINGUNO
[2026-04-04T23:05:30.093Z]   Seed reveal idx: 9
[2026-04-04T23:05:30.093Z]   Chain entry index: 10
[2026-04-04T23:05:30.093Z]   Chain entry hash : 7af5ef2a3e53888102598bec99a35b6edcd271c2cee06e137c7090b73e6b895c
[2026-04-04T23:05:30.093Z]   Archivos creados: resultado.json, participantes.json, entropy_entry.json, software_info.json, verificar.js, audit.log
