[2026-04-04T21:40:53.292Z] PRE-COMPROMISO GENERADO
[2026-04-04T21:40:53.292Z]   Sorteo  : El Chancho de Oro (el-chancho-de-oro)
[2026-04-04T21:40:53.292Z]   Hora VET: 06:00 PM — UTC: 2026-04-04T22:00:00.000Z
[2026-04-04T21:40:53.292Z]   Ronda drand comprometida: 5996966
[2026-04-04T21:40:53.292Z]   Participantes: 0
[2026-04-04T21:40:53.292Z]   Hash SHA-256 participantes: e3b0c44298fc1c149afbf4c8996fb92427ae41e4649b934ca495991b7852b855
[2026-04-04T21:40:53.292Z]   Draw ID: el-chancho-de-oro:20260404:18
[2026-04-04T21:40:53.292Z]   Chain entry index: 107
[2026-04-04T21:40:53.292Z]   Chain entry hash : 9ba7fcdfd618f593b6a1ad3fda9af343ea5b425a61082fa4eafad28406ae80bd
[2026-04-04T21:40:53.292Z]   Tickets hash    : b82297376f1fc8a114650f5dd2f3dfd32bb1cde86aa694842647c61aa8a79910
[2026-04-04T21:40:53.292Z]   Total tickets   : 0
[2026-04-04T21:40:53.292Z]   Seed commit index: 109
[2026-04-04T21:40:53.292Z]   Seed hash       : 917c4faa68916b364233f9083fbe4035419b18cc8704a9e6385ee60c8ac57c8b
[2026-04-04T22:05:56.437Z] INICIO EJECUCIÓN SORTEO
[2026-04-04T22:05:56.437Z]   Sorteo  : El Chancho de Oro (el-chancho-de-oro)
[2026-04-04T22:05:56.437Z]   Hora VET: 06:00 PM — UTC: 2026-04-04T22:00:00.000Z
[2026-04-04T22:05:56.437Z]   Ronda drand comprometida: 5996966
[2026-04-04T22:05:56.537Z] BEACON drand OBTENIDO
[2026-04-04T22:05:56.537Z]   Ronda     : 5996966
[2026-04-04T22:05:56.537Z]   Randomness: deaa2f4da522fdffe0d847050de8599e098cd1df06df43fe3d2ac8ba3e1c8c62
[2026-04-04T22:05:56.537Z]   Signature : 8ce1b8e81df0062ff64ef17a16bfd313...
[2026-04-04T22:05:56.537Z]   Endpoint  : https://drand.cloudflare.com/public/5996966
[2026-04-04T22:05:56.548Z] CÁLCULO GANADOR
[2026-04-04T22:05:56.548Z]   Total números  : 38
[2026-04-04T22:05:56.548Z]   Randomness base: deaa2f4da522fdffe0d847050de8599e098cd1df06df43fe3d2ac8ba3e1c8c62
[2026-04-04T22:05:56.548Z]   Randomness sorteo: 96996021463c5d4e6fee5d95fce9c469577c2c98bc93417c4f0d4f5a29684e82
[2026-04-04T22:05:56.548Z]   Precompromiso hash: 77db2a0a965132f4e0e76b3466263ab4a3f1ebe08dc2eebf229fb91eab22b0b2
[2026-04-04T22:05:56.548Z]   Seed reveal hash : 917c4faa68916b364233f9083fbe4035419b18cc8704a9e6385ee60c8ac57c8b
[2026-04-04T22:05:56.548Z]   Draw ID         : el-chancho-de-oro:20260404:18
[2026-04-04T22:05:56.548Z]   Protocolo       : 3.0.0
[2026-04-04T22:05:56.548Z]   Pool entry id   : NO_APLICA
[2026-04-04T22:05:56.548Z]   Pool entry hash : NO_APLICA
[2026-04-04T22:05:56.548Z]   Pool chain hash : NO_APLICA
[2026-04-04T22:05:56.548Z]   Local hex       : NO_APLICA
[2026-04-04T22:05:56.548Z]   QRNG fuente    : NO_APLICA
[2026-04-04T22:05:56.548Z]   QRNG hex       : NO_APLICA
[2026-04-04T22:05:56.548Z]   QRNG color     : NO_APLICA
[2026-04-04T22:05:56.548Z]   BTC altura     : NO_APLICA
[2026-04-04T22:05:56.548Z]   BTC block hash : NO_APLICA
[2026-04-04T22:05:56.548Z]   NIST pulse     : NO_APLICA
[2026-04-04T22:05:56.548Z]   NIST hex       : NO_APLICA
[2026-04-04T22:05:56.548Z]   Entropía final : SHA-256({seed_reveal,ticket_set_hash,precompromiso_hash,drand_randomness,round_drand,hash_participantes})
[2026-04-04T22:05:56.548Z]   Operación      : rejection_sampling(domain=LOTTERY-V3.0, N=38) = índice 16
[2026-04-04T22:05:56.548Z]   Rejection      : intento=0 hash=96417998dac5d37e...
[2026-04-04T22:05:56.548Z]   Número ganador : 16 (Pala)
[2026-04-04T22:05:56.548Z]   Participantes  : 0
[2026-04-04T22:05:56.548Z]   Ganadores      : NINGUNO (número no jugado)
[2026-04-04T22:05:56.567Z] SORTEO COMPLETADO
[2026-04-04T22:05:56.567Z]   Número ganador: 16 (Pala)
[2026-04-04T22:05:56.567Z]   Ganadores      : NINGUNO
[2026-04-04T22:05:56.567Z]   Seed reveal idx: 116
[2026-04-04T22:05:56.567Z]   Chain entry index: 117
[2026-04-04T22:05:56.567Z]   Chain entry hash : b5c228ee1171458a7d34793677c0ca3eb7524933814b34871db49ddf1eb50dd4
[2026-04-04T22:05:56.567Z]   Archivos creados: resultado.json, participantes.json, entropy_entry.json, software_info.json, verificar.js, audit.log
