[2026-04-04T20:57:14.062Z] PRE-COMPROMISO GENERADO
[2026-04-04T20:57:14.062Z]   Sorteo  : El Chancho de bronce (el-chancho-de-bronce)
[2026-04-04T20:57:14.062Z]   Hora VET: 05:00 PM — UTC: 2026-04-04T21:00:00.000Z
[2026-04-04T20:57:14.062Z]   Ronda drand comprometida: 5996846
[2026-04-04T20:57:14.062Z]   Participantes: 0
[2026-04-04T20:57:14.062Z]   Hash SHA-256 participantes: e3b0c44298fc1c149afbf4c8996fb92427ae41e4649b934ca495991b7852b855
[2026-04-04T20:57:14.062Z]   Draw ID: el-chancho-de-bronce:20260404:17
[2026-04-04T20:57:14.062Z]   Chain entry index: 83
[2026-04-04T20:57:14.062Z]   Chain entry hash : b30579f6e6adc9d827e7ac0cbb8ae71ec1fdbec63519ab5c97bd4ab02a17e1b6
[2026-04-04T20:57:14.062Z]   Tickets hash    : 990cd8334429614eeb2b76bc992ae988c6dae2b689b0d92ee4b6986c812b3e63
[2026-04-04T20:57:14.062Z]   Total tickets   : 0
[2026-04-04T20:57:14.062Z]   Seed commit index: 85
[2026-04-04T20:57:14.062Z]   Seed hash       : cd13a2d47c9d38f759da5d1c6bc6b57bc966ab9e677b32a3a8c5294cb95322f8
[2026-04-04T21:05:35.564Z] INICIO EJECUCIÓN SORTEO
[2026-04-04T21:05:35.564Z]   Sorteo  : El Chancho de bronce (el-chancho-de-bronce)
[2026-04-04T21:05:35.564Z]   Hora VET: 05:00 PM — UTC: 2026-04-04T21:00:00.000Z
[2026-04-04T21:05:35.564Z]   Ronda drand comprometida: 5996846
[2026-04-04T21:05:36.507Z] BEACON drand OBTENIDO
[2026-04-04T21:05:36.507Z]   Ronda     : 5996846
[2026-04-04T21:05:36.507Z]   Randomness: 6b4e6516285d6d2240a3e0b3b5af984aee90dc1e416d8e1c6402f1949e586810
[2026-04-04T21:05:36.507Z]   Signature : a8fb1cdadf6cc6cc40da346177a3e00d...
[2026-04-04T21:05:36.507Z]   Endpoint  : https://drand.cloudflare.com/public/5996846
[2026-04-04T21:05:36.526Z] CÁLCULO GANADOR
[2026-04-04T21:05:36.526Z]   Total números  : 38
[2026-04-04T21:05:36.526Z]   Randomness base: 6b4e6516285d6d2240a3e0b3b5af984aee90dc1e416d8e1c6402f1949e586810
[2026-04-04T21:05:36.526Z]   Randomness sorteo: d347ea85e2847ab72e70daad74714ab9a5662bac822ba86aa77a010d816e467b
[2026-04-04T21:05:36.526Z]   Precompromiso hash: 2d301d0228504c36533c7e0fa0df6b429faa2aab31d98700b23af86811be81f8
[2026-04-04T21:05:36.526Z]   Seed reveal hash : cd13a2d47c9d38f759da5d1c6bc6b57bc966ab9e677b32a3a8c5294cb95322f8
[2026-04-04T21:05:36.526Z]   Draw ID         : el-chancho-de-bronce:20260404:17
[2026-04-04T21:05:36.526Z]   Protocolo       : 3.0.0
[2026-04-04T21:05:36.526Z]   Pool entry id   : NO_APLICA
[2026-04-04T21:05:36.526Z]   Pool entry hash : NO_APLICA
[2026-04-04T21:05:36.526Z]   Pool chain hash : NO_APLICA
[2026-04-04T21:05:36.526Z]   Local hex       : NO_APLICA
[2026-04-04T21:05:36.526Z]   QRNG fuente    : NO_APLICA
[2026-04-04T21:05:36.526Z]   QRNG hex       : NO_APLICA
[2026-04-04T21:05:36.526Z]   QRNG color     : NO_APLICA
[2026-04-04T21:05:36.526Z]   BTC altura     : NO_APLICA
[2026-04-04T21:05:36.526Z]   BTC block hash : NO_APLICA
[2026-04-04T21:05:36.526Z]   NIST pulse     : NO_APLICA
[2026-04-04T21:05:36.526Z]   NIST hex       : NO_APLICA
[2026-04-04T21:05:36.526Z]   Entropía final : SHA-256({seed_reveal,ticket_set_hash,precompromiso_hash,drand_randomness,round_drand,hash_participantes})
[2026-04-04T21:05:36.526Z]   Operación      : rejection_sampling(domain=LOTTERY-V3.0, N=38) = índice 10
[2026-04-04T21:05:36.526Z]   Rejection      : intento=0 hash=b338b35a7b1c512b...
[2026-04-04T21:05:36.526Z]   Número ganador : 10 (Piña)
[2026-04-04T21:05:36.526Z]   Participantes  : 0
[2026-04-04T21:05:36.526Z]   Ganadores      : NINGUNO (número no jugado)
[2026-04-04T21:05:36.545Z] SORTEO COMPLETADO
[2026-04-04T21:05:36.545Z]   Número ganador: 10 (Piña)
[2026-04-04T21:05:36.545Z]   Ganadores      : NINGUNO
[2026-04-04T21:05:36.545Z]   Seed reveal idx: 92
[2026-04-04T21:05:36.545Z]   Chain entry index: 93
[2026-04-04T21:05:36.545Z]   Chain entry hash : b3b6e04587bc2e1b26c47658d634241c28fdeacfa6fd065f2347ba38810ea803
[2026-04-04T21:05:36.545Z]   Archivos creados: resultado.json, participantes.json, entropy_entry.json, software_info.json, verificar.js, audit.log
