[2026-04-04T22:40:29.560Z] PRE-COMPROMISO GENERADO
[2026-04-04T22:40:29.560Z]   Sorteo  : El Chancho de Plata (el-chancho-de-plata)
[2026-04-04T22:40:29.560Z]   Hora VET: 07:00 PM — UTC: 2026-04-04T23:00:00.000Z
[2026-04-04T22:40:29.560Z]   Ronda drand comprometida: 5997086
[2026-04-04T22:40:29.560Z]   Participantes: 0
[2026-04-04T22:40:29.560Z]   Hash SHA-256 participantes: e3b0c44298fc1c149afbf4c8996fb92427ae41e4649b934ca495991b7852b855
[2026-04-04T22:40:29.560Z]   Draw ID: el-chancho-de-plata:20260404:19
[2026-04-04T22:40:29.560Z]   Chain entry index: 3
[2026-04-04T22:40:29.560Z]   Chain entry hash : d9b7b5c979440c8f163d99887b84e32e32f3ff474fd40aad447cc600b92a4b58
[2026-04-04T22:40:29.560Z]   Tickets hash    : 06961518174641cd4c56d7a0a3ca270509fe4cf4a0d92b8714f5424c52d9340e
[2026-04-04T22:40:29.560Z]   Total tickets   : 0
[2026-04-04T22:40:29.560Z]   Seed commit index: 5
[2026-04-04T22:40:29.560Z]   Seed hash       : 49ae80bc1cd41aa0e862f10e8f6bff37cd472a86d260b6547985a774f2cb75e2
[2026-04-04T23:05:30.695Z] INICIO EJECUCIÓN SORTEO
[2026-04-04T23:05:30.695Z]   Sorteo  : El Chancho de Plata (el-chancho-de-plata)
[2026-04-04T23:05:30.695Z]   Hora VET: 07:00 PM — UTC: 2026-04-04T23:00:00.000Z
[2026-04-04T23:05:30.695Z]   Ronda drand comprometida: 5997086
[2026-04-04T23:05:30.733Z] BEACON drand OBTENIDO
[2026-04-04T23:05:30.733Z]   Ronda     : 5997086
[2026-04-04T23:05:30.733Z]   Randomness: 4d913fe0ca72cd2192bf03e63cc0c657e9b2e98d16c7f8cc36b88e9171319d18
[2026-04-04T23:05:30.733Z]   Signature : b0ec3186548a34939adc918f92c3b714...
[2026-04-04T23:05:30.733Z]   Endpoint  : https://drand.cloudflare.com/public/5997086
[2026-04-04T23:05:30.742Z] CÁLCULO GANADOR
[2026-04-04T23:05:30.742Z]   Total números  : 38
[2026-04-04T23:05:30.742Z]   Randomness base: 4d913fe0ca72cd2192bf03e63cc0c657e9b2e98d16c7f8cc36b88e9171319d18
[2026-04-04T23:05:30.742Z]   Randomness sorteo: 4f96c133386cf606ed51bcf438ee92d8115bc8ebccdffcf37699c2162c020c4c
[2026-04-04T23:05:30.742Z]   Precompromiso hash: efd6d9bdcc6a0107009ebbda573c9c1d6fc5c3fa5f407b0f33bf361568bbd444
[2026-04-04T23:05:30.742Z]   Seed reveal hash : 49ae80bc1cd41aa0e862f10e8f6bff37cd472a86d260b6547985a774f2cb75e2
[2026-04-04T23:05:30.742Z]   Draw ID         : el-chancho-de-plata:20260404:19
[2026-04-04T23:05:30.742Z]   Protocolo       : 3.0.0
[2026-04-04T23:05:30.742Z]   Pool entry id   : NO_APLICA
[2026-04-04T23:05:30.742Z]   Pool entry hash : NO_APLICA
[2026-04-04T23:05:30.742Z]   Pool chain hash : NO_APLICA
[2026-04-04T23:05:30.742Z]   Local hex       : NO_APLICA
[2026-04-04T23:05:30.742Z]   QRNG fuente    : NO_APLICA
[2026-04-04T23:05:30.742Z]   QRNG hex       : NO_APLICA
[2026-04-04T23:05:30.742Z]   QRNG color     : NO_APLICA
[2026-04-04T23:05:30.742Z]   BTC altura     : NO_APLICA
[2026-04-04T23:05:30.742Z]   BTC block hash : NO_APLICA
[2026-04-04T23:05:30.742Z]   NIST pulse     : NO_APLICA
[2026-04-04T23:05:30.742Z]   NIST hex       : NO_APLICA
[2026-04-04T23:05:30.742Z]   Entropía final : SHA-256({seed_reveal,ticket_set_hash,precompromiso_hash,drand_randomness,round_drand,hash_participantes})
[2026-04-04T23:05:30.742Z]   Operación      : rejection_sampling(domain=LOTTERY-V3.0, N=38) = índice 32
[2026-04-04T23:05:30.742Z]   Rejection      : intento=0 hash=65f2eace22bdd68a...
[2026-04-04T23:05:30.742Z]   Número ganador : 32 (Pescado)
[2026-04-04T23:05:30.742Z]   Participantes  : 0
[2026-04-04T23:05:30.742Z]   Ganadores      : NINGUNO (número no jugado)
[2026-04-04T23:05:30.755Z] SORTEO COMPLETADO
[2026-04-04T23:05:30.755Z]   Número ganador: 32 (Pescado)
[2026-04-04T23:05:30.755Z]   Ganadores      : NINGUNO
[2026-04-04T23:05:30.755Z]   Seed reveal idx: 12
[2026-04-04T23:05:30.755Z]   Chain entry index: 13
[2026-04-04T23:05:30.755Z]   Chain entry hash : 841d295e722d1e66b3d9359644ef1f1821b3d6cf404ac5ce53fcffffb2dd516c
[2026-04-04T23:05:30.755Z]   Archivos creados: resultado.json, participantes.json, entropy_entry.json, software_info.json, verificar.js, audit.log
