[2026-04-05T12:59:54.082Z] INICIO EJECUCIÓN SORTEO
[2026-04-05T12:59:54.082Z]   Sorteo  : El Chancho de Oro (el-chancho-de-oro)
[2026-04-05T12:59:54.082Z]   Hora VET: 08:00 AM — UTC: 2026-04-05T12:00:00.000Z
[2026-04-05T12:59:54.082Z]   Ronda drand comprometida: 5998646
[2026-04-05T12:59:54.289Z] BEACON drand OBTENIDO
[2026-04-05T12:59:54.289Z]   Ronda     : 5998646
[2026-04-05T12:59:54.289Z]   Randomness: 7b1de65f18e2407d0c11478af8b79b2688f635c9a8ef4a5bbcd3ddc8f9b18b3b
[2026-04-05T12:59:54.289Z]   Signature : 9705a8f5e6068254f767be592f143822...
[2026-04-05T12:59:54.289Z]   Endpoint  : https://drand.cloudflare.com/public/5998646
[2026-04-05T13:01:06.014Z] PRE-COMPROMISO GENERADO
[2026-04-05T13:01:06.014Z]   Sorteo  : El Chancho de Oro (el-chancho-de-oro)
[2026-04-05T13:01:06.014Z]   Hora VET: 08:00 AM — UTC: 2026-04-05T12:00:00.000Z
[2026-04-05T13:01:06.014Z]   Ronda drand comprometida: 5998646
[2026-04-05T13:01:06.014Z]   Participantes: 0
[2026-04-05T13:01:06.014Z]   Hash SHA-256 participantes: e3b0c44298fc1c149afbf4c8996fb92427ae41e4649b934ca495991b7852b855
[2026-04-05T13:01:06.014Z]   Draw ID: el-chancho-de-oro:20260405:08
[2026-04-05T13:01:06.014Z]   Chain entry index: 42
[2026-04-05T13:01:06.014Z]   Chain entry hash : 5f720b8ffdbdbbbe81ee146e0a663e956a971f9c13568420c4f5914d849a5e83
[2026-04-05T13:01:06.014Z]   Tickets hash    : fb591c612bb1e2deb0db3cde7549953a777d0fff7d80734e75fa8f0e46f12a9a
[2026-04-05T13:01:06.014Z]   Total tickets   : 0
[2026-04-05T13:01:06.014Z]   Seed commit index: 44
[2026-04-05T13:01:06.014Z]   Seed hash       : a99383ae4b38f47e2adc523fe944f89ab392bf2a20abe493bf8955e3b422ef48
[2026-04-05T13:01:06.015Z] INICIO EJECUCIÓN SORTEO
[2026-04-05T13:01:06.015Z]   Sorteo  : El Chancho de Oro (el-chancho-de-oro)
[2026-04-05T13:01:06.015Z]   Hora VET: 08:00 AM — UTC: 2026-04-05T12:00:00.000Z
[2026-04-05T13:01:06.015Z]   Ronda drand comprometida: 5998646
[2026-04-05T13:01:06.176Z] BEACON drand OBTENIDO
[2026-04-05T13:01:06.176Z]   Ronda     : 5998646
[2026-04-05T13:01:06.176Z]   Randomness: 7b1de65f18e2407d0c11478af8b79b2688f635c9a8ef4a5bbcd3ddc8f9b18b3b
[2026-04-05T13:01:06.176Z]   Signature : 9705a8f5e6068254f767be592f143822...
[2026-04-05T13:01:06.176Z]   Endpoint  : https://drand.cloudflare.com/public/5998646
[2026-04-05T13:01:06.190Z] CÁLCULO GANADOR
[2026-04-05T13:01:06.190Z]   Total números  : 38
[2026-04-05T13:01:06.190Z]   Randomness base: 7b1de65f18e2407d0c11478af8b79b2688f635c9a8ef4a5bbcd3ddc8f9b18b3b
[2026-04-05T13:01:06.190Z]   Randomness sorteo: d8f6597b4e58b473f559e935218a17bea89ef4739fa37f13d4923883ef22a233
[2026-04-05T13:01:06.190Z]   Precompromiso hash: 17ae6774cb37368bc73d8a519173baa918bbd47bbdfe8dcdb993d20dda6f75a9
[2026-04-05T13:01:06.190Z]   Seed reveal hash : a99383ae4b38f47e2adc523fe944f89ab392bf2a20abe493bf8955e3b422ef48
[2026-04-05T13:01:06.190Z]   Draw ID         : el-chancho-de-oro:20260405:08
[2026-04-05T13:01:06.190Z]   Protocolo       : 3.0.0
[2026-04-05T13:01:06.190Z]   Pool entry id   : NO_APLICA
[2026-04-05T13:01:06.190Z]   Pool entry hash : NO_APLICA
[2026-04-05T13:01:06.190Z]   Pool chain hash : NO_APLICA
[2026-04-05T13:01:06.190Z]   Local hex       : NO_APLICA
[2026-04-05T13:01:06.190Z]   QRNG fuente    : NO_APLICA
[2026-04-05T13:01:06.190Z]   QRNG hex       : NO_APLICA
[2026-04-05T13:01:06.190Z]   QRNG color     : NO_APLICA
[2026-04-05T13:01:06.190Z]   BTC altura     : NO_APLICA
[2026-04-05T13:01:06.190Z]   BTC block hash : NO_APLICA
[2026-04-05T13:01:06.190Z]   NIST pulse     : NO_APLICA
[2026-04-05T13:01:06.190Z]   NIST hex       : NO_APLICA
[2026-04-05T13:01:06.190Z]   Entropía final : SHA-256({seed_reveal,ticket_set_hash,precompromiso_hash,drand_randomness,round_drand,hash_participantes})
[2026-04-05T13:01:06.190Z]   Operación      : rejection_sampling(domain=LOTTERY-V3.0, N=38) = índice 5
[2026-04-05T13:01:06.190Z]   Rejection      : intento=0 hash=db9cd0ce1924dece...
[2026-04-05T13:01:06.190Z]   Número ganador : 05 (Martillo)
[2026-04-05T13:01:06.190Z]   Participantes  : 0
[2026-04-05T13:01:06.190Z]   Ganadores      : NINGUNO (número no jugado)
[2026-04-05T13:01:06.202Z] SORTEO COMPLETADO
[2026-04-05T13:01:06.202Z]   Número ganador: 05 (Martillo)
[2026-04-05T13:01:06.202Z]   Ganadores      : NINGUNO
[2026-04-05T13:01:06.202Z]   Seed reveal idx: 45
[2026-04-05T13:01:06.202Z]   Chain entry index: 46
[2026-04-05T13:01:06.202Z]   Chain entry hash : eb442823aed3a3869caccd208ec1316cd7efea16f42841ca206ea54f7d231fe0
[2026-04-05T13:01:06.202Z]   Archivos creados: resultado.json, participantes.json, entropy_entry.json, software_info.json, verificar.js, audit.log
