[2026-04-04T20:57:14.510Z] PRE-COMPROMISO GENERADO
[2026-04-04T20:57:14.510Z]   Sorteo  : El Chancho de Plata (el-chancho-de-plata)
[2026-04-04T20:57:14.510Z]   Hora VET: 05:00 PM — UTC: 2026-04-04T21:00:00.000Z
[2026-04-04T20:57:14.510Z]   Ronda drand comprometida: 5996846
[2026-04-04T20:57:14.510Z]   Participantes: 0
[2026-04-04T20:57:14.510Z]   Hash SHA-256 participantes: e3b0c44298fc1c149afbf4c8996fb92427ae41e4649b934ca495991b7852b855
[2026-04-04T20:57:14.510Z]   Draw ID: el-chancho-de-plata:20260404:17
[2026-04-04T20:57:14.510Z]   Chain entry index: 86
[2026-04-04T20:57:14.510Z]   Chain entry hash : 5f6f5388d1766cfa68c27240e6fdb11064f051f0c2c7f75cd102867fc6e8beb9
[2026-04-04T20:57:14.510Z]   Tickets hash    : 6d34a038cab3efb533f80bd9dc9b08a40edafdea9adc67ea1d094626afeaa279
[2026-04-04T20:57:14.510Z]   Total tickets   : 0
[2026-04-04T20:57:14.510Z]   Seed commit index: 88
[2026-04-04T20:57:14.510Z]   Seed hash       : ffa6bd148d7e5913fe041d6ccbffb9f3ade27cbd49f7e799fdc2adb4707c1e23
[2026-04-04T21:05:37.217Z] INICIO EJECUCIÓN SORTEO
[2026-04-04T21:05:37.217Z]   Sorteo  : El Chancho de Plata (el-chancho-de-plata)
[2026-04-04T21:05:37.217Z]   Hora VET: 05:00 PM — UTC: 2026-04-04T21:00:00.000Z
[2026-04-04T21:05:37.217Z]   Ronda drand comprometida: 5996846
[2026-04-04T21:05:37.238Z] BEACON drand OBTENIDO
[2026-04-04T21:05:37.238Z]   Ronda     : 5996846
[2026-04-04T21:05:37.238Z]   Randomness: 6b4e6516285d6d2240a3e0b3b5af984aee90dc1e416d8e1c6402f1949e586810
[2026-04-04T21:05:37.238Z]   Signature : a8fb1cdadf6cc6cc40da346177a3e00d...
[2026-04-04T21:05:37.238Z]   Endpoint  : https://drand.cloudflare.com/public/5996846
[2026-04-04T21:05:37.247Z] CÁLCULO GANADOR
[2026-04-04T21:05:37.247Z]   Total números  : 38
[2026-04-04T21:05:37.247Z]   Randomness base: 6b4e6516285d6d2240a3e0b3b5af984aee90dc1e416d8e1c6402f1949e586810
[2026-04-04T21:05:37.247Z]   Randomness sorteo: 76f57b300cc7b4dd3c0b7fd0b5e3b19e359c9050fbb611328940c01016d10e1a
[2026-04-04T21:05:37.247Z]   Precompromiso hash: 8bb809a7d05783b939f077f33ac8abc0abce6bc324499ff66667fa24fc196726
[2026-04-04T21:05:37.247Z]   Seed reveal hash : ffa6bd148d7e5913fe041d6ccbffb9f3ade27cbd49f7e799fdc2adb4707c1e23
[2026-04-04T21:05:37.247Z]   Draw ID         : el-chancho-de-plata:20260404:17
[2026-04-04T21:05:37.247Z]   Protocolo       : 3.0.0
[2026-04-04T21:05:37.247Z]   Pool entry id   : NO_APLICA
[2026-04-04T21:05:37.247Z]   Pool entry hash : NO_APLICA
[2026-04-04T21:05:37.247Z]   Pool chain hash : NO_APLICA
[2026-04-04T21:05:37.247Z]   Local hex       : NO_APLICA
[2026-04-04T21:05:37.247Z]   QRNG fuente    : NO_APLICA
[2026-04-04T21:05:37.247Z]   QRNG hex       : NO_APLICA
[2026-04-04T21:05:37.247Z]   QRNG color     : NO_APLICA
[2026-04-04T21:05:37.247Z]   BTC altura     : NO_APLICA
[2026-04-04T21:05:37.247Z]   BTC block hash : NO_APLICA
[2026-04-04T21:05:37.247Z]   NIST pulse     : NO_APLICA
[2026-04-04T21:05:37.247Z]   NIST hex       : NO_APLICA
[2026-04-04T21:05:37.247Z]   Entropía final : SHA-256({seed_reveal,ticket_set_hash,precompromiso_hash,drand_randomness,round_drand,hash_participantes})
[2026-04-04T21:05:37.247Z]   Operación      : rejection_sampling(domain=LOTTERY-V3.0, N=38) = índice 6
[2026-04-04T21:05:37.247Z]   Rejection      : intento=0 hash=26124dcd851d5637...
[2026-04-04T21:05:37.247Z]   Número ganador : 06 (Embudo)
[2026-04-04T21:05:37.247Z]   Participantes  : 0
[2026-04-04T21:05:37.247Z]   Ganadores      : NINGUNO (número no jugado)
[2026-04-04T21:05:37.262Z] SORTEO COMPLETADO
[2026-04-04T21:05:37.262Z]   Número ganador: 06 (Embudo)
[2026-04-04T21:05:37.262Z]   Ganadores      : NINGUNO
[2026-04-04T21:05:37.262Z]   Seed reveal idx: 95
[2026-04-04T21:05:37.262Z]   Chain entry index: 96
[2026-04-04T21:05:37.262Z]   Chain entry hash : f4910164ef295a75317178fff4be35f57916a693c02fd14b13e67e919e6fa277
[2026-04-04T21:05:37.262Z]   Archivos creados: resultado.json, participantes.json, entropy_entry.json, software_info.json, verificar.js, audit.log
