[2026-04-05T12:59:53.876Z] INICIO EJECUCIÓN SORTEO
[2026-04-05T12:59:53.876Z]   Sorteo  : El Chancho de Plata (el-chancho-de-plata)
[2026-04-05T12:59:53.876Z]   Hora VET: 08:00 AM — UTC: 2026-04-05T12:00:00.000Z
[2026-04-05T12:59:53.876Z]   Ronda drand comprometida: 5998646
[2026-04-05T12:59:54.070Z] BEACON drand OBTENIDO
[2026-04-05T12:59:54.070Z]   Ronda     : 5998646
[2026-04-05T12:59:54.070Z]   Randomness: 7b1de65f18e2407d0c11478af8b79b2688f635c9a8ef4a5bbcd3ddc8f9b18b3b
[2026-04-05T12:59:54.070Z]   Signature : 9705a8f5e6068254f767be592f143822...
[2026-04-05T12:59:54.070Z]   Endpoint  : https://drand.cloudflare.com/public/5998646
[2026-04-05T13:01:05.805Z] PRE-COMPROMISO GENERADO
[2026-04-05T13:01:05.805Z]   Sorteo  : El Chancho de Plata (el-chancho-de-plata)
[2026-04-05T13:01:05.805Z]   Hora VET: 08:00 AM — UTC: 2026-04-05T12:00:00.000Z
[2026-04-05T13:01:05.805Z]   Ronda drand comprometida: 5998646
[2026-04-05T13:01:05.805Z]   Participantes: 0
[2026-04-05T13:01:05.805Z]   Hash SHA-256 participantes: e3b0c44298fc1c149afbf4c8996fb92427ae41e4649b934ca495991b7852b855
[2026-04-05T13:01:05.805Z]   Draw ID: el-chancho-de-plata:20260405:08
[2026-04-05T13:01:05.805Z]   Chain entry index: 36
[2026-04-05T13:01:05.805Z]   Chain entry hash : ca37f17daf553ce0fd7e3b5967dfcf6b81041bdc1bafdae5ab8858cad2642e3b
[2026-04-05T13:01:05.805Z]   Tickets hash    : 7d7a6741aa097a9bfff7b6503ece23d4edf386ae25e8376dff609c645b3ff0a8
[2026-04-05T13:01:05.805Z]   Total tickets   : 0
[2026-04-05T13:01:05.805Z]   Seed commit index: 38
[2026-04-05T13:01:05.805Z]   Seed hash       : 162f6cc5f36c2f8031350075d8934c54cd008f3a8759a74ddeaf5f910cc78aea
[2026-04-05T13:01:05.806Z] INICIO EJECUCIÓN SORTEO
[2026-04-05T13:01:05.806Z]   Sorteo  : El Chancho de Plata (el-chancho-de-plata)
[2026-04-05T13:01:05.806Z]   Hora VET: 08:00 AM — UTC: 2026-04-05T12:00:00.000Z
[2026-04-05T13:01:05.806Z]   Ronda drand comprometida: 5998646
[2026-04-05T13:01:05.970Z] BEACON drand OBTENIDO
[2026-04-05T13:01:05.970Z]   Ronda     : 5998646
[2026-04-05T13:01:05.970Z]   Randomness: 7b1de65f18e2407d0c11478af8b79b2688f635c9a8ef4a5bbcd3ddc8f9b18b3b
[2026-04-05T13:01:05.970Z]   Signature : 9705a8f5e6068254f767be592f143822...
[2026-04-05T13:01:05.970Z]   Endpoint  : https://drand.cloudflare.com/public/5998646
[2026-04-05T13:01:05.987Z] CÁLCULO GANADOR
[2026-04-05T13:01:05.987Z]   Total números  : 38
[2026-04-05T13:01:05.987Z]   Randomness base: 7b1de65f18e2407d0c11478af8b79b2688f635c9a8ef4a5bbcd3ddc8f9b18b3b
[2026-04-05T13:01:05.987Z]   Randomness sorteo: fb04a99f4f88416d9c90339baeefa78c0f69bad96484f9d77fac1734e801cad1
[2026-04-05T13:01:05.987Z]   Precompromiso hash: d3e68cccc8075fc691ba0fa657fc0586cccb01ed849a8359b705de512f955e70
[2026-04-05T13:01:05.987Z]   Seed reveal hash : 162f6cc5f36c2f8031350075d8934c54cd008f3a8759a74ddeaf5f910cc78aea
[2026-04-05T13:01:05.987Z]   Draw ID         : el-chancho-de-plata:20260405:08
[2026-04-05T13:01:05.987Z]   Protocolo       : 3.0.0
[2026-04-05T13:01:05.987Z]   Pool entry id   : NO_APLICA
[2026-04-05T13:01:05.987Z]   Pool entry hash : NO_APLICA
[2026-04-05T13:01:05.987Z]   Pool chain hash : NO_APLICA
[2026-04-05T13:01:05.987Z]   Local hex       : NO_APLICA
[2026-04-05T13:01:05.987Z]   QRNG fuente    : NO_APLICA
[2026-04-05T13:01:05.987Z]   QRNG hex       : NO_APLICA
[2026-04-05T13:01:05.987Z]   QRNG color     : NO_APLICA
[2026-04-05T13:01:05.987Z]   BTC altura     : NO_APLICA
[2026-04-05T13:01:05.987Z]   BTC block hash : NO_APLICA
[2026-04-05T13:01:05.987Z]   NIST pulse     : NO_APLICA
[2026-04-05T13:01:05.987Z]   NIST hex       : NO_APLICA
[2026-04-05T13:01:05.987Z]   Entropía final : SHA-256({seed_reveal,ticket_set_hash,precompromiso_hash,drand_randomness,round_drand,hash_participantes})
[2026-04-05T13:01:05.987Z]   Operación      : rejection_sampling(domain=LOTTERY-V3.0, N=38) = índice 1
[2026-04-05T13:01:05.987Z]   Rejection      : intento=0 hash=9b7f349adc7182b5...
[2026-04-05T13:01:05.987Z]   Número ganador : 01 (Pájaro)
[2026-04-05T13:01:05.987Z]   Participantes  : 0
[2026-04-05T13:01:05.987Z]   Ganadores      : NINGUNO (número no jugado)
[2026-04-05T13:01:05.998Z] SORTEO COMPLETADO
[2026-04-05T13:01:05.998Z]   Número ganador: 01 (Pájaro)
[2026-04-05T13:01:05.998Z]   Ganadores      : NINGUNO
[2026-04-05T13:01:05.998Z]   Seed reveal idx: 39
[2026-04-05T13:01:05.998Z]   Chain entry index: 40
[2026-04-05T13:01:05.998Z]   Chain entry hash : bf1674a33e01f4664165bbf7b52867a362a777f4c9843252ab5a16d7cf06025c
[2026-04-05T13:01:05.998Z]   Archivos creados: resultado.json, participantes.json, entropy_entry.json, software_info.json, verificar.js, audit.log
