[2026-04-04T21:40:52.904Z] PRE-COMPROMISO GENERADO
[2026-04-04T21:40:52.904Z]   Sorteo  : El Chancho de Plata (el-chancho-de-plata)
[2026-04-04T21:40:52.904Z]   Hora VET: 06:00 PM — UTC: 2026-04-04T22:00:00.000Z
[2026-04-04T21:40:52.904Z]   Ronda drand comprometida: 5996966
[2026-04-04T21:40:52.904Z]   Participantes: 0
[2026-04-04T21:40:52.904Z]   Hash SHA-256 participantes: e3b0c44298fc1c149afbf4c8996fb92427ae41e4649b934ca495991b7852b855
[2026-04-04T21:40:52.904Z]   Draw ID: el-chancho-de-plata:20260404:18
[2026-04-04T21:40:52.904Z]   Chain entry index: 104
[2026-04-04T21:40:52.904Z]   Chain entry hash : 29b9364adc4c36e45fd24b4d5c0293fd077b7c90736e67ecf61d830a29da7eb5
[2026-04-04T21:40:52.904Z]   Tickets hash    : 811ef8c7990de1b13a3fe73033ff6e39293d13e69a84e215900d06bfc384f94c
[2026-04-04T21:40:52.904Z]   Total tickets   : 0
[2026-04-04T21:40:52.904Z]   Seed commit index: 106
[2026-04-04T21:40:52.904Z]   Seed hash       : 71d7a29a2660c6c3222ede0475235409bd83983810d19f22cc4d4ca1b488ce1c
[2026-04-04T22:05:55.621Z] INICIO EJECUCIÓN SORTEO
[2026-04-04T22:05:55.621Z]   Sorteo  : El Chancho de Plata (el-chancho-de-plata)
[2026-04-04T22:05:55.621Z]   Hora VET: 06:00 PM — UTC: 2026-04-04T22:00:00.000Z
[2026-04-04T22:05:55.621Z]   Ronda drand comprometida: 5996966
[2026-04-04T22:05:55.722Z] BEACON drand OBTENIDO
[2026-04-04T22:05:55.722Z]   Ronda     : 5996966
[2026-04-04T22:05:55.722Z]   Randomness: deaa2f4da522fdffe0d847050de8599e098cd1df06df43fe3d2ac8ba3e1c8c62
[2026-04-04T22:05:55.722Z]   Signature : 8ce1b8e81df0062ff64ef17a16bfd313...
[2026-04-04T22:05:55.722Z]   Endpoint  : https://drand.cloudflare.com/public/5996966
[2026-04-04T22:05:55.731Z] CÁLCULO GANADOR
[2026-04-04T22:05:55.731Z]   Total números  : 38
[2026-04-04T22:05:55.731Z]   Randomness base: deaa2f4da522fdffe0d847050de8599e098cd1df06df43fe3d2ac8ba3e1c8c62
[2026-04-04T22:05:55.731Z]   Randomness sorteo: 07de5a6b5cc9344f8420dfccd0545353b735de49ff8326389044bf09f67b81e7
[2026-04-04T22:05:55.731Z]   Precompromiso hash: a7ab9387345ec444657d01b10792a28e8e7c21ac56ae0433675daef6c22d198f
[2026-04-04T22:05:55.731Z]   Seed reveal hash : 71d7a29a2660c6c3222ede0475235409bd83983810d19f22cc4d4ca1b488ce1c
[2026-04-04T22:05:55.731Z]   Draw ID         : el-chancho-de-plata:20260404:18
[2026-04-04T22:05:55.731Z]   Protocolo       : 3.0.0
[2026-04-04T22:05:55.731Z]   Pool entry id   : NO_APLICA
[2026-04-04T22:05:55.731Z]   Pool entry hash : NO_APLICA
[2026-04-04T22:05:55.731Z]   Pool chain hash : NO_APLICA
[2026-04-04T22:05:55.731Z]   Local hex       : NO_APLICA
[2026-04-04T22:05:55.731Z]   QRNG fuente    : NO_APLICA
[2026-04-04T22:05:55.731Z]   QRNG hex       : NO_APLICA
[2026-04-04T22:05:55.731Z]   QRNG color     : NO_APLICA
[2026-04-04T22:05:55.731Z]   BTC altura     : NO_APLICA
[2026-04-04T22:05:55.731Z]   BTC block hash : NO_APLICA
[2026-04-04T22:05:55.731Z]   NIST pulse     : NO_APLICA
[2026-04-04T22:05:55.731Z]   NIST hex       : NO_APLICA
[2026-04-04T22:05:55.731Z]   Entropía final : SHA-256({seed_reveal,ticket_set_hash,precompromiso_hash,drand_randomness,round_drand,hash_participantes})
[2026-04-04T22:05:55.731Z]   Operación      : rejection_sampling(domain=LOTTERY-V3.0, N=38) = índice 28
[2026-04-04T22:05:55.731Z]   Rejection      : intento=0 hash=051fc99a2f849281...
[2026-04-04T22:05:55.731Z]   Número ganador : 28 (Clavo)
[2026-04-04T22:05:55.731Z]   Participantes  : 0
[2026-04-04T22:05:55.731Z]   Ganadores      : NINGUNO (número no jugado)
[2026-04-04T22:05:55.747Z] SORTEO COMPLETADO
[2026-04-04T22:05:55.747Z]   Número ganador: 28 (Clavo)
[2026-04-04T22:05:55.747Z]   Ganadores      : NINGUNO
[2026-04-04T22:05:55.747Z]   Seed reveal idx: 113
[2026-04-04T22:05:55.747Z]   Chain entry index: 114
[2026-04-04T22:05:55.747Z]   Chain entry hash : c3c145386046c76df85876d16378fe080a82c787bb22cbdf4220c50e7d60a5f3
[2026-04-04T22:05:55.747Z]   Archivos creados: resultado.json, participantes.json, entropy_entry.json, software_info.json, verificar.js, audit.log
