[2026-04-04T21:40:52.369Z] PRE-COMPROMISO GENERADO
[2026-04-04T21:40:52.369Z]   Sorteo  : El Chancho de bronce (el-chancho-de-bronce)
[2026-04-04T21:40:52.369Z]   Hora VET: 06:00 PM — UTC: 2026-04-04T22:00:00.000Z
[2026-04-04T21:40:52.369Z]   Ronda drand comprometida: 5996966
[2026-04-04T21:40:52.369Z]   Participantes: 0
[2026-04-04T21:40:52.369Z]   Hash SHA-256 participantes: e3b0c44298fc1c149afbf4c8996fb92427ae41e4649b934ca495991b7852b855
[2026-04-04T21:40:52.369Z]   Draw ID: el-chancho-de-bronce:20260404:18
[2026-04-04T21:40:52.369Z]   Chain entry index: 101
[2026-04-04T21:40:52.369Z]   Chain entry hash : e1801a11a9bdf74edbf386752ddbe199a854fd66c3378c66737cc6bb36dbc4f0
[2026-04-04T21:40:52.369Z]   Tickets hash    : c0a58e8e42786ce805007990199f25d2a81f9c4f7f1493eb9c0af0d95db0faef
[2026-04-04T21:40:52.369Z]   Total tickets   : 0
[2026-04-04T21:40:52.369Z]   Seed commit index: 103
[2026-04-04T21:40:52.369Z]   Seed hash       : 8748441d9a890101c03f790bf06b45e208738f1e355408cb8e4af3e59722124a
[2026-04-04T22:05:52.351Z] INICIO EJECUCIÓN SORTEO
[2026-04-04T22:05:52.351Z]   Sorteo  : El Chancho de bronce (el-chancho-de-bronce)
[2026-04-04T22:05:52.351Z]   Hora VET: 06:00 PM — UTC: 2026-04-04T22:00:00.000Z
[2026-04-04T22:05:52.351Z]   Ronda drand comprometida: 5996966
[2026-04-04T22:05:54.495Z] BEACON drand OBTENIDO
[2026-04-04T22:05:54.495Z]   Ronda     : 5996966
[2026-04-04T22:05:54.495Z]   Randomness: deaa2f4da522fdffe0d847050de8599e098cd1df06df43fe3d2ac8ba3e1c8c62
[2026-04-04T22:05:54.495Z]   Signature : 8ce1b8e81df0062ff64ef17a16bfd313...
[2026-04-04T22:05:54.495Z]   Endpoint  : https://drand.cloudflare.com/public/5996966
[2026-04-04T22:05:54.539Z] CÁLCULO GANADOR
[2026-04-04T22:05:54.539Z]   Total números  : 38
[2026-04-04T22:05:54.539Z]   Randomness base: deaa2f4da522fdffe0d847050de8599e098cd1df06df43fe3d2ac8ba3e1c8c62
[2026-04-04T22:05:54.539Z]   Randomness sorteo: 4bae4bc9f5b66de51ef7c1495d61f8ba1ef1d229f867aa429827a4fac7b03987
[2026-04-04T22:05:54.539Z]   Precompromiso hash: 6470807bedc5f31d45a8e580319727e1d35ce8d23992e335ea8bbd23e9736649
[2026-04-04T22:05:54.539Z]   Seed reveal hash : 8748441d9a890101c03f790bf06b45e208738f1e355408cb8e4af3e59722124a
[2026-04-04T22:05:54.539Z]   Draw ID         : el-chancho-de-bronce:20260404:18
[2026-04-04T22:05:54.539Z]   Protocolo       : 3.0.0
[2026-04-04T22:05:54.539Z]   Pool entry id   : NO_APLICA
[2026-04-04T22:05:54.539Z]   Pool entry hash : NO_APLICA
[2026-04-04T22:05:54.539Z]   Pool chain hash : NO_APLICA
[2026-04-04T22:05:54.539Z]   Local hex       : NO_APLICA
[2026-04-04T22:05:54.539Z]   QRNG fuente    : NO_APLICA
[2026-04-04T22:05:54.539Z]   QRNG hex       : NO_APLICA
[2026-04-04T22:05:54.539Z]   QRNG color     : NO_APLICA
[2026-04-04T22:05:54.539Z]   BTC altura     : NO_APLICA
[2026-04-04T22:05:54.539Z]   BTC block hash : NO_APLICA
[2026-04-04T22:05:54.539Z]   NIST pulse     : NO_APLICA
[2026-04-04T22:05:54.539Z]   NIST hex       : NO_APLICA
[2026-04-04T22:05:54.539Z]   Entropía final : SHA-256({seed_reveal,ticket_set_hash,precompromiso_hash,drand_randomness,round_drand,hash_participantes})
[2026-04-04T22:05:54.539Z]   Operación      : rejection_sampling(domain=LOTTERY-V3.0, N=38) = índice 1
[2026-04-04T22:05:54.539Z]   Rejection      : intento=0 hash=d0cb916fdaf7c8e1...
[2026-04-04T22:05:54.539Z]   Número ganador : 01 (Pájaro)
[2026-04-04T22:05:54.539Z]   Participantes  : 0
[2026-04-04T22:05:54.539Z]   Ganadores      : NINGUNO (número no jugado)
[2026-04-04T22:05:54.557Z] SORTEO COMPLETADO
[2026-04-04T22:05:54.557Z]   Número ganador: 01 (Pájaro)
[2026-04-04T22:05:54.557Z]   Ganadores      : NINGUNO
[2026-04-04T22:05:54.557Z]   Seed reveal idx: 110
[2026-04-04T22:05:54.557Z]   Chain entry index: 111
[2026-04-04T22:05:54.557Z]   Chain entry hash : 5ba51e93135d5b9f9535df03363ceefe45ddb3965de24a2d88488565109c7417
[2026-04-04T22:05:54.557Z]   Archivos creados: resultado.json, participantes.json, entropy_entry.json, software_info.json, verificar.js, audit.log
